2026-06-25 18:09:33 | INFO     | =================================================================
2026-06-25 18:09:33 | INFO     |   episodes           = 10000
2026-06-25 18:09:33 | INFO     |   max steps          = 200
2026-06-25 18:09:33 | INFO     | =================================================================
2026-06-25 18:09:33 | INFO     |   Ep     0/10000 | Reward   -488.0 | Steps  200 | AvgLast100 -488.00
2026-06-25 18:09:36 | INFO     |   Ep   500/10000 | Reward   -110.0 | Steps  104 | AvgLast100  -99.66
2026-06-25 18:09:38 | INFO     |   Ep  1000/10000 | Reward    -33.0 | Steps   45 | AvgLast100  -15.58
2026-06-25 18:09:38 | INFO     |   Ep  1500/10000 | Reward     11.0 | Steps   10 | AvgLast100    0.56
2026-06-25 18:09:39 | INFO     |   Ep  2000/10000 | Reward      5.0 | Steps   16 | AvgLast100    1.38
2026-06-25 18:09:39 | INFO     |   Ep  2500/10000 | Reward      7.0 | Steps   14 | AvgLast100    2.18
2026-06-25 18:09:40 | INFO     |   Ep  3000/10000 | Reward      2.0 | Steps   19 | AvgLast100   -0.07
2026-06-25 18:09:40 | INFO     |   Ep  3500/10000 | Reward      5.0 | Steps   16 | AvgLast100    2.28
2026-06-25 18:09:41 | INFO     |   Ep  4000/10000 | Reward      7.0 | Steps   14 | AvgLast100    4.03
2026-06-25 18:09:41 | INFO     |   Ep  4500/10000 | Reward     -3.0 | Steps   15 | AvgLast100    2.30
2026-06-25 18:09:41 | INFO     |   Ep  5000/10000 | Reward      7.0 | Steps   14 | AvgLast100    3.12
2026-06-25 18:09:42 | INFO     |   Ep  5500/10000 | Reward      5.0 | Steps   16 | AvgLast100    2.48
2026-06-25 18:09:42 | INFO     |   Ep  6000/10000 | Reward    -15.0 | Steps   18 | AvgLast100    1.41
2026-06-25 18:09:42 | INFO     |   Ep  6500/10000 | Reward     -2.0 | Steps   14 | AvgLast100    1.31
2026-06-25 18:09:43 | INFO     |   Ep  7000/10000 | Reward      3.0 | Steps   18 | AvgLast100    1.79
2026-06-25 18:09:43 | INFO     |   Ep  7500/10000 | Reward      1.0 | Steps   20 | AvgLast100    3.54
2026-06-25 18:09:44 | INFO     |   Ep  8000/10000 | Reward     10.0 | Steps   11 | AvgLast100    3.30
2026-06-25 18:09:44 | INFO     |   Ep  8500/10000 | Reward      5.0 | Steps   16 | AvgLast100    3.28
2026-06-25 18:09:45 | INFO     |   Ep  9000/10000 | Reward      1.0 | Steps   20 | AvgLast100    3.11
2026-06-25 18:09:46 | INFO     |   Ep  9500/10000 | Reward      8.0 | Steps   13 | AvgLast100    2.78
2026-06-25 18:09:46 | INFO     |   Ep  9999/10000 | Reward     -6.0 | Steps   18 | AvgLast100    2.46
2026-06-25 18:09:46 | INFO     | -----------------------------------------------------------------
2026-06-25 18:09:46 | INFO     |   Total episodes       : 10000
2026-06-25 18:09:46 | INFO     |   Overall avg reward   : -9.379
2026-06-25 18:09:46 | INFO     |   Final 100-ep avg     : 2.460
2026-06-25 18:09:46 | INFO     |   Avg steps/episode    : 22.5
2026-06-25 18:09:46 | INFO     | =================================================================
2026-06-25 18:09:47 | INFO     | =================================================================
2026-06-25 18:09:47 | INFO     |   episodes           = 10000
2026-06-25 18:09:47 | INFO     |   max steps          = 200
2026-06-25 18:09:47 | INFO     | =================================================================
2026-06-25 18:09:47 | INFO     |   Ep     0/10000 | Reward   -515.0 | Steps  200 | AvgLast100 -515.00
2026-06-25 18:09:51 | INFO     |   Ep   500/10000 | Reward   -326.0 | Steps  200 | AvgLast100 -275.85
2026-06-25 18:09:56 | INFO     |   Ep  1000/10000 | Reward   -290.0 | Steps  200 | AvgLast100 -258.18
2026-06-25 18:10:00 | INFO     |   Ep  1500/10000 | Reward   -236.0 | Steps  200 | AvgLast100 -260.92
2026-06-25 18:10:05 | INFO     |   Ep  2000/10000 | Reward   -272.0 | Steps  200 | AvgLast100 -247.58
2026-06-25 18:10:10 | INFO     |   Ep  2500/10000 | Reward   -317.0 | Steps  200 | AvgLast100 -258.56
2026-06-25 18:10:14 | INFO     |   Ep  3000/10000 | Reward   -254.0 | Steps  200 | AvgLast100 -255.21
2026-06-25 18:10:19 | INFO     |   Ep  3500/10000 | Reward   -281.0 | Steps  200 | AvgLast100 -259.47
2026-06-25 18:10:25 | INFO     |   Ep  4000/10000 | Reward   -308.0 | Steps  200 | AvgLast100 -250.29
2026-06-25 18:10:30 | INFO     |   Ep  4500/10000 | Reward   -263.0 | Steps  200 | AvgLast100 -244.93
2026-06-25 18:10:33 | INFO     |   Ep  5000/10000 | Reward   -281.0 | Steps  200 | AvgLast100 -250.82
2026-06-25 18:10:35 | INFO     |   Ep  5500/10000 | Reward   -281.0 | Steps  200 | AvgLast100 -246.81
2026-06-25 18:10:38 | INFO     |   Ep  6000/10000 | Reward   -263.0 | Steps  200 | AvgLast100 -246.85
2026-06-25 18:10:41 | INFO     |   Ep  6500/10000 | Reward   -281.0 | Steps  200 | AvgLast100 -242.90
2026-06-25 18:10:43 | INFO     |   Ep  7000/10000 | Reward   -227.0 | Steps  200 | AvgLast100 -237.17
2026-06-25 18:10:46 | INFO     |   Ep  7500/10000 | Reward    -91.0 | Steps  103 | AvgLast100 -240.06
2026-06-25 18:10:49 | INFO     |   Ep  8000/10000 | Reward   -263.0 | Steps  200 | AvgLast100 -232.97
2026-06-25 18:10:51 | INFO     |   Ep  8500/10000 | Reward   -263.0 | Steps  200 | AvgLast100 -227.11
2026-06-25 18:10:54 | INFO     |   Ep  9000/10000 | Reward   -263.0 | Steps  200 | AvgLast100 -230.06
2026-06-25 18:10:57 | INFO     |   Ep  9500/10000 | Reward    -98.0 | Steps   83 | AvgLast100 -232.44
2026-06-25 18:10:59 | INFO     |   Ep  9999/10000 | Reward   -326.0 | Steps  200 | AvgLast100 -224.57
2026-06-25 18:10:59 | INFO     | -----------------------------------------------------------------
2026-06-25 18:10:59 | INFO     |   Total episodes       : 10000
2026-06-25 18:10:59 | INFO     |   Overall avg reward   : -246.942
2026-06-25 18:10:59 | INFO     |   Final 100-ep avg     : -224.570
2026-06-25 18:10:59 | INFO     |   Avg steps/episode    : 180.0
2026-06-25 18:10:59 | INFO     | =================================================================
2026-06-25 18:11:00 | INFO     | =================================================================
2026-06-25 18:11:00 | INFO     |   episodes           = 10000
2026-06-25 18:11:00 | INFO     |   max steps          = 200
2026-06-25 18:11:00 | INFO     | =================================================================
2026-06-25 18:11:00 | INFO     |   Ep     0/10000 | Reward   -533.0 | Steps  200 | AvgLast100 -533.00
2026-06-25 18:11:03 | INFO     |   Ep   500/10000 | Reward   -290.0 | Steps  200 | AvgLast100 -262.25
2026-06-25 18:11:06 | INFO     |   Ep  1000/10000 | Reward   -281.0 | Steps  200 | AvgLast100 -236.21
2026-06-25 18:11:11 | INFO     |   Ep  1500/10000 | Reward   -281.0 | Steps  200 | AvgLast100 -214.17
2026-06-25 18:11:15 | INFO     |   Ep  2000/10000 | Reward    -54.0 | Steps   48 | AvgLast100 -190.29
2026-06-25 18:11:18 | INFO     |   Ep  2500/10000 | Reward     -4.0 | Steps   16 | AvgLast100 -157.38
2026-06-25 18:11:20 | INFO     |   Ep  3000/10000 | Reward   -193.0 | Steps  169 | AvgLast100 -133.01
2026-06-25 18:11:21 | INFO     |   Ep  3500/10000 | Reward   -147.0 | Steps  123 | AvgLast100 -117.42
2026-06-25 18:11:22 | INFO     |   Ep  4000/10000 | Reward    -24.0 | Steps   36 | AvgLast100  -91.83
2026-06-25 18:11:24 | INFO     |   Ep  4500/10000 | Reward     -5.0 | Steps   26 | AvgLast100  -73.16
2026-06-25 18:11:25 | INFO     |   Ep  5000/10000 | Reward    -70.0 | Steps   82 | AvgLast100  -60.72
2026-06-25 18:11:26 | INFO     |   Ep  5500/10000 | Reward    -53.0 | Steps   56 | AvgLast100  -52.85
2026-06-25 18:11:27 | INFO     |   Ep  6000/10000 | Reward   -111.0 | Steps  105 | AvgLast100  -47.57
2026-06-25 18:11:27 | INFO     |   Ep  6500/10000 | Reward     -3.0 | Steps   24 | AvgLast100  -38.19
2026-06-25 18:11:28 | INFO     |   Ep  7000/10000 | Reward     -4.0 | Steps   25 | AvgLast100  -24.04
2026-06-25 18:11:28 | INFO     |   Ep  7500/10000 | Reward    -57.0 | Steps   69 | AvgLast100  -21.94
2026-06-25 18:11:29 | INFO     |   Ep  8000/10000 | Reward    -58.0 | Steps   61 | AvgLast100  -21.17
2026-06-25 18:11:29 | INFO     |   Ep  8500/10000 | Reward      0.0 | Steps   12 | AvgLast100  -17.32
2026-06-25 18:11:30 | INFO     |   Ep  9000/10000 | Reward      8.0 | Steps   13 | AvgLast100  -13.53
2026-06-25 18:11:30 | INFO     |   Ep  9500/10000 | Reward    -14.0 | Steps   17 | AvgLast100  -13.09
2026-06-25 18:11:30 | INFO     |   Ep  9999/10000 | Reward      8.0 | Steps   13 | AvgLast100   -7.74
2026-06-25 18:11:30 | INFO     | -----------------------------------------------------------------
2026-06-25 18:11:30 | INFO     |   Total episodes       : 10000
2026-06-25 18:11:30 | INFO     |   Overall avg reward   : -94.665
2026-06-25 18:11:30 | INFO     |   Final 100-ep avg     : -7.740
2026-06-25 18:11:30 | INFO     |   Avg steps/episode    : 82.6
2026-06-25 18:11:30 | INFO     | =================================================================
2026-06-25 18:11:31 | INFO     | =================================================================
2026-06-25 18:11:31 | INFO     |   episodes           = 10000
2026-06-25 18:11:31 | INFO     |   max steps          = 200
2026-06-25 18:11:31 | INFO     | =================================================================
2026-06-25 18:11:31 | INFO     |   Ep     0/10000 | Reward   -488.0 | Steps  200 | AvgLast100 -488.00
2026-06-25 18:11:33 | INFO     |   Ep   500/10000 | Reward     11.0 | Steps   10 | AvgLast100  -28.74
2026-06-25 18:11:34 | INFO     |   Ep  1000/10000 | Reward      9.0 | Steps   12 | AvgLast100   -0.08
2026-06-25 18:11:34 | INFO     |   Ep  1500/10000 | Reward      6.0 | Steps   15 | AvgLast100    3.37
2026-06-25 18:11:35 | INFO     |   Ep  2000/10000 | Reward    -17.0 | Steps   20 | AvgLast100    0.27
2026-06-25 18:11:35 | INFO     |   Ep  2500/10000 | Reward    -19.0 | Steps   22 | AvgLast100    2.09
2026-06-25 18:11:35 | INFO     |   Ep  3000/10000 | Reward    -19.0 | Steps   22 | AvgLast100    2.71
2026-06-25 18:11:36 | INFO     |   Ep  3500/10000 | Reward     -5.0 | Steps   17 | AvgLast100    2.68
2026-06-25 18:11:36 | INFO     |   Ep  4000/10000 | Reward      9.0 | Steps   12 | AvgLast100    1.92
2026-06-25 18:11:36 | INFO     |   Ep  4500/10000 | Reward     -6.0 | Steps   18 | AvgLast100    1.33
2026-06-25 18:11:36 | INFO     |   Ep  5000/10000 | Reward      5.0 | Steps   16 | AvgLast100    3.22
2026-06-25 18:11:37 | INFO     |   Ep  5500/10000 | Reward    -15.0 | Steps   18 | AvgLast100    2.19
2026-06-25 18:11:37 | INFO     |   Ep  6000/10000 | Reward      4.0 | Steps   17 | AvgLast100    3.03
2026-06-25 18:11:37 | INFO     |   Ep  6500/10000 | Reward     12.0 | Steps    9 | AvgLast100    1.53
2026-06-25 18:11:37 | INFO     |   Ep  7000/10000 | Reward      5.0 | Steps   16 | AvgLast100    1.26
2026-06-25 18:11:38 | INFO     |   Ep  7500/10000 | Reward     -3.0 | Steps   15 | AvgLast100    3.18
2026-06-25 18:11:38 | INFO     |   Ep  8000/10000 | Reward      6.0 | Steps   15 | AvgLast100    2.12
2026-06-25 18:11:38 | INFO     |   Ep  8500/10000 | Reward    -13.0 | Steps   16 | AvgLast100    1.02
2026-06-25 18:11:38 | INFO     |   Ep  9000/10000 | Reward      7.0 | Steps   14 | AvgLast100    4.30
2026-06-25 18:11:38 | INFO     |   Ep  9500/10000 | Reward      4.0 | Steps   17 | AvgLast100    2.21
2026-06-25 18:11:39 | INFO     |   Ep  9999/10000 | Reward      1.0 | Steps   20 | AvgLast100    3.23
2026-06-25 18:11:39 | INFO     | -----------------------------------------------------------------
2026-06-25 18:11:39 | INFO     |   Total episodes       : 10000
2026-06-25 18:11:39 | INFO     |   Overall avg reward   : -4.702
2026-06-25 18:11:39 | INFO     |   Final 100-ep avg     : 3.230
2026-06-25 18:11:39 | INFO     |   Avg steps/episode    : 19.2
2026-06-25 18:11:39 | INFO     | =================================================================
2026-06-25 18:11:39 | INFO     | =================================================================
2026-06-25 18:11:39 | INFO     |   episodes           = 10000
2026-06-25 18:11:39 | INFO     |   max steps          = 200
2026-06-25 18:11:39 | INFO     | =================================================================
2026-06-25 18:11:39 | INFO     |   Ep     0/10000 | Reward   -560.0 | Steps  200 | AvgLast100 -560.00
2026-06-25 18:11:42 | INFO     |   Ep   500/10000 | Reward    -34.0 | Steps   37 | AvgLast100 -137.42
2026-06-25 18:11:43 | INFO     |   Ep  1000/10000 | Reward     12.0 | Steps    9 | AvgLast100  -22.25
2026-06-25 18:11:43 | INFO     |   Ep  1500/10000 | Reward    -24.0 | Steps   18 | AvgLast100   -8.54
2026-06-25 18:11:43 | INFO     |   Ep  2000/10000 | Reward    -22.0 | Steps   16 | AvgLast100   -8.29
2026-06-25 18:11:44 | INFO     |   Ep  2500/10000 | Reward      9.0 | Steps   12 | AvgLast100   -5.03
2026-06-25 18:11:44 | INFO     |   Ep  3000/10000 | Reward     10.0 | Steps   11 | AvgLast100   -3.13
2026-06-25 18:11:44 | INFO     |   Ep  3500/10000 | Reward    -14.0 | Steps   17 | AvgLast100   -3.12
2026-06-25 18:11:45 | INFO     |   Ep  4000/10000 | Reward    -27.0 | Steps   21 | AvgLast100   -4.68
2026-06-25 18:11:45 | INFO     |   Ep  4500/10000 | Reward    -10.0 | Steps   22 | AvgLast100   -6.35
2026-06-25 18:11:45 | INFO     |   Ep  5000/10000 | Reward     11.0 | Steps   10 | AvgLast100   -6.33
2026-06-25 18:11:46 | INFO     |   Ep  5500/10000 | Reward      1.0 | Steps   11 | AvgLast100   -5.00
2026-06-25 18:11:46 | INFO     |   Ep  6000/10000 | Reward      5.0 | Steps   16 | AvgLast100   -5.47
2026-06-25 18:11:46 | INFO     |   Ep  6500/10000 | Reward      6.0 | Steps   15 | AvgLast100   -5.66
2026-06-25 18:11:47 | INFO     |   Ep  7000/10000 | Reward      7.0 | Steps   14 | AvgLast100   -7.33
2026-06-25 18:11:47 | INFO     |   Ep  7500/10000 | Reward     -5.0 | Steps   17 | AvgLast100   -3.42
2026-06-25 18:11:48 | INFO     |   Ep  8000/10000 | Reward     10.0 | Steps   11 | AvgLast100   -2.66
2026-06-25 18:11:48 | INFO     |   Ep  8500/10000 | Reward     -9.0 | Steps   21 | AvgLast100   -4.45
2026-06-25 18:11:48 | INFO     |   Ep  9000/10000 | Reward      5.0 | Steps   16 | AvgLast100   -2.85
2026-06-25 18:11:49 | INFO     |   Ep  9500/10000 | Reward    -14.0 | Steps   17 | AvgLast100   -3.58
2026-06-25 18:11:49 | INFO     |   Ep  9999/10000 | Reward     -3.0 | Steps   15 | AvgLast100   -2.82
2026-06-25 18:11:49 | INFO     | -----------------------------------------------------------------
2026-06-25 18:11:49 | INFO     |   Total episodes       : 10000
2026-06-25 18:11:49 | INFO     |   Overall avg reward   : -18.688
2026-06-25 18:11:49 | INFO     |   Final 100-ep avg     : -2.820
2026-06-25 18:11:49 | INFO     |   Avg steps/episode    : 24.8
2026-06-25 18:11:49 | INFO     | =================================================================
2026-06-25 18:11:49 | INFO     | =================================================================
2026-06-25 18:11:49 | INFO     |   episodes           = 10000
2026-06-25 18:11:49 | INFO     |   max steps          = 200
2026-06-25 18:11:49 | INFO     | =================================================================
2026-06-25 18:11:49 | INFO     |   Ep     0/10000 | Reward   -578.0 | Steps  200 | AvgLast100 -578.00
2026-06-25 18:11:52 | INFO     |   Ep   500/10000 | Reward    -54.0 | Steps   30 | AvgLast100 -142.23
2026-06-25 18:11:53 | INFO     |   Ep  1000/10000 | Reward    -10.0 | Steps   22 | AvgLast100  -49.70
2026-06-25 18:11:54 | INFO     |   Ep  1500/10000 | Reward    -15.0 | Steps   18 | AvgLast100  -16.68
2026-06-25 18:11:54 | INFO     |   Ep  2000/10000 | Reward    -17.0 | Steps   20 | AvgLast100  -15.70
2026-06-25 18:11:54 | INFO     |   Ep  2500/10000 | Reward    -35.0 | Steps   20 | AvgLast100  -16.15
2026-06-25 18:11:55 | INFO     |   Ep  3000/10000 | Reward      1.0 | Steps   11 | AvgLast100  -14.08
2026-06-25 18:11:55 | INFO     |   Ep  3500/10000 | Reward    -20.0 | Steps   23 | AvgLast100  -14.50
2026-06-25 18:11:55 | INFO     |   Ep  4000/10000 | Reward     -5.0 | Steps   17 | AvgLast100  -13.37
2026-06-25 18:11:56 | INFO     |   Ep  4500/10000 | Reward    -17.0 | Steps   20 | AvgLast100  -11.32
2026-06-25 18:11:56 | INFO     |   Ep  5000/10000 | Reward    -20.0 | Steps   23 | AvgLast100  -11.75
2026-06-25 18:11:56 | INFO     |   Ep  5500/10000 | Reward    -11.0 | Steps   14 | AvgLast100  -15.07
2026-06-25 18:11:57 | INFO     |   Ep  6000/10000 | Reward    -21.0 | Steps   24 | AvgLast100  -12.13
2026-06-25 18:11:57 | INFO     |   Ep  6500/10000 | Reward     -3.0 | Steps   15 | AvgLast100  -12.61
2026-06-25 18:11:57 | INFO     |   Ep  7000/10000 | Reward     -2.0 | Steps   23 | AvgLast100  -13.34
2026-06-25 18:11:58 | INFO     |   Ep  7500/10000 | Reward      4.0 | Steps   17 | AvgLast100  -14.44
2026-06-25 18:11:58 | INFO     |   Ep  8000/10000 | Reward    -13.0 | Steps   25 | AvgLast100  -15.62
2026-06-25 18:11:58 | INFO     |   Ep  8500/10000 | Reward    -30.0 | Steps   24 | AvgLast100  -11.51
2026-06-25 18:11:58 | INFO     |   Ep  9000/10000 | Reward      5.0 | Steps   16 | AvgLast100  -15.12
2026-06-25 18:11:59 | INFO     |   Ep  9500/10000 | Reward    -39.0 | Steps   24 | AvgLast100  -11.83
2026-06-25 18:11:59 | INFO     |   Ep  9999/10000 | Reward    -26.0 | Steps   20 | AvgLast100  -15.48
2026-06-25 18:11:59 | INFO     | -----------------------------------------------------------------
2026-06-25 18:11:59 | INFO     |   Total episodes       : 10000
2026-06-25 18:11:59 | INFO     |   Overall avg reward   : -30.512
2026-06-25 18:11:59 | INFO     |   Final 100-ep avg     : -15.480
2026-06-25 18:11:59 | INFO     |   Avg steps/episode    : 27.6
2026-06-25 18:11:59 | INFO     | =================================================================
2026-06-25 18:11:59 | INFO     | =================================================================
2026-06-25 18:11:59 | INFO     |   episodes           = 10000
2026-06-25 18:11:59 | INFO     |   max steps          = 200
2026-06-25 18:11:59 | INFO     | =================================================================
2026-06-25 18:11:59 | INFO     |   Ep     0/10000 | Reward   -506.0 | Steps  200 | AvgLast100 -506.00
2026-06-25 18:12:02 | INFO     |   Ep   500/10000 | Reward     13.0 | Steps    8 | AvgLast100  -21.13
2026-06-25 18:12:02 | INFO     |   Ep  1000/10000 | Reward      8.0 | Steps   13 | AvgLast100    1.01
2026-06-25 18:12:03 | INFO     |   Ep  1500/10000 | Reward     -2.0 | Steps   14 | AvgLast100    0.37
2026-06-25 18:12:03 | INFO     |   Ep  2000/10000 | Reward     -3.0 | Steps   15 | AvgLast100    2.08
2026-06-25 18:12:03 | INFO     |   Ep  2500/10000 | Reward      0.0 | Steps   12 | AvgLast100    2.44
2026-06-25 18:12:04 | INFO     |   Ep  3000/10000 | Reward     11.0 | Steps   10 | AvgLast100    1.63
2026-06-25 18:12:04 | INFO     |   Ep  3500/10000 | Reward     -1.0 | Steps   13 | AvgLast100    3.37
2026-06-25 18:12:04 | INFO     |   Ep  4000/10000 | Reward      8.0 | Steps   13 | AvgLast100    1.77
2026-06-25 18:12:05 | INFO     |   Ep  4500/10000 | Reward     11.0 | Steps   10 | AvgLast100    1.19
2026-06-25 18:12:05 | INFO     |   Ep  5000/10000 | Reward     -6.0 | Steps   18 | AvgLast100    2.79
2026-06-25 18:12:05 | INFO     |   Ep  5500/10000 | Reward      6.0 | Steps   15 | AvgLast100    2.90
2026-06-25 18:12:06 | INFO     |   Ep  6000/10000 | Reward     -5.0 | Steps   17 | AvgLast100    2.30
2026-06-25 18:12:06 | INFO     |   Ep  6500/10000 | Reward      6.0 | Steps   15 | AvgLast100    2.00
2026-06-25 18:12:06 | INFO     |   Ep  7000/10000 | Reward      8.0 | Steps   13 | AvgLast100    2.52
2026-06-25 18:12:06 | INFO     |   Ep  7500/10000 | Reward      6.0 | Steps   15 | AvgLast100    2.43
2026-06-25 18:12:07 | INFO     |   Ep  8000/10000 | Reward      6.0 | Steps   15 | AvgLast100    3.17
2026-06-25 18:12:07 | INFO     |   Ep  8500/10000 | Reward      4.0 | Steps   17 | AvgLast100    3.62
2026-06-25 18:12:07 | INFO     |   Ep  9000/10000 | Reward     11.0 | Steps   10 | AvgLast100    2.25
2026-06-25 18:12:08 | INFO     |   Ep  9500/10000 | Reward      9.0 | Steps   12 | AvgLast100    2.54
2026-06-25 18:12:08 | INFO     |   Ep  9999/10000 | Reward    -16.0 | Steps   19 | AvgLast100    1.79
2026-06-25 18:12:08 | INFO     | -----------------------------------------------------------------
2026-06-25 18:12:08 | INFO     |   Total episodes       : 10000
2026-06-25 18:12:08 | INFO     |   Overall avg reward   : -4.394
2026-06-25 18:12:08 | INFO     |   Final 100-ep avg     : 1.790
2026-06-25 18:12:08 | INFO     |   Avg steps/episode    : 19.0
2026-06-25 18:12:08 | INFO     | =================================================================
